<testsuites id="" name="" tests="5" failures="0" skipped="0" errors="0" time="25.591898999999998">
<testsuite name="ui.superdetails.test.spec.ts" timestamp="2024-09-26T11:34:09.397Z" hostname="chromium" tests="5" failures="0" skipped="0" time="24.717" errors="0">
<testcase name="Test 1: Launching otivo retirement calculator successfully" classname="ui.superdetails.test.spec.ts" time="3.112">
<system-out>
<![CDATA[
[[ATTACHMENT|../test-results/ui.superdetails.test-Test--fca41-ent-calculator-successfully-chromium/test-finished-1.png]]
]]>
</system-out>
<system-err>
<![CDATA[(node:8357) ExperimentalWarning: Importing JSON modules is an experimental feature and might change at any time
(Use `node --trace-warnings ...` to show where the warning was created)
]]>
</system-err>
</testcase>
<testcase name="Test 2: Super details filled and submitted successfully" classname="ui.superdetails.test.spec.ts" time="4.643">
<system-out>
<![CDATA[
[[ATTACHMENT|../test-results/ui.superdetails.test-Test--809d4--and-submitted-successfully-chromium/test-finished-1.png]]
]]>
</system-out>
</testcase>
<testcase name="Test 3:update age successfully" classname="ui.superdetails.test.spec.ts" time="5.58">
<system-out>
<![CDATA[
[[ATTACHMENT|../test-results/ui.superdetails.test-Test-3-update-age-successfully-chromium/test-finished-1.png]]
]]>
</system-out>
</testcase>
<testcase name="Test 4:validate income and assert graphs " classname="ui.superdetails.test.spec.ts" time="5.051">
<system-out>
<![CDATA[
[[ATTACHMENT|../test-results/ui.superdetails.test-Test--b3e80-e-income-and-assert-graphs--chromium/test-finished-1.png]]
]]>
</system-out>
</testcase>
<testcase name="Test 5: Validate and display partner income and assert in dashboard " classname="ui.superdetails.test.spec.ts" time="6.331">
<system-out>
<![CDATA[
[[ATTACHMENT|../test-results/ui.superdetails.test-Test--91036-me-and-assert-in-dashboard--chromium/test-finished-1.png]]
]]>
</system-out>
</testcase>
</testsuite>
</testsuites>